{"numFailedTestSuites":0,"numFailedTests":0,"numPassedTestSuites":16,"numPassedTests":43,"numPendingTestSuites":0,"numPendingTests":0,"numRuntimeErrorTestSuites":0,"numTodoTests":133,"numTotalTestSuites":16,"numTotalTests":176,"openHandles":[],"snapshot":{"added":0,"didUpdate":false,"failure":false,"filesAdded":0,"filesRemoved":0,"filesRemovedList":[],"filesUnmatched":0,"filesUpdated":0,"matched":0,"total":0,"unchecked":0,"uncheckedKeysByFile":[],"unmatched":0,"updated":0},"startTime":1789475407687,"success":true,"testResults":[{"assertionResults":[{"ancestorTitles":["v0.6.1 deterministic replay"],"duration":4,"failing":false,"failureDetails":[],"failureMessages":[],"fullName":"v0.6.1 deterministic replay replay uses original carry-in, not current carry","invocations":1,"location":null,"numPassingAsserts":1,"retryMessages":[],"retryReasons":[],"status":"passed","title":"replay uses original carry-in, not current carry","startAt":1789475410135},{"ancestorTitles":["v0.6.1 deterministic replay"],"duration":1,"failing":false,"failureDetails":[],"failureMessages":[],"fullName":"v0.6.1 deterministic replay negative GPV reversal is included in historical period subtree GPV","invocations":1,"location":null,"numPassingAsserts":1,"retryMessages":[],"retryReasons":[],"status":"passed","title":"negative GPV reversal is included in historical period subtree GPV","startAt":1789475410139},{"ancestorTitles":["v0.6.1 deterministic replay"],"duration":0,"failing":false,"failureDetails":[],"failureMessages":[],"fullName":"v0.6.1 deterministic replay recomputed Pair respects original weekly cap","invocations":1,"location":null,"numPassingAsserts":1,"retryMessages":[],"retryReasons":[],"status":"passed","title":"recomputed Pair respects original weekly cap","startAt":1789475410140},{"ancestorTitles":["v0.6.1 deterministic replay"],"duration":1,"failing":false,"failureDetails":[],"failureMessages":[],"fullName":"v0.6.1 deterministic replay K1 is recomputed with changed impacted theory and unchanged others","invocations":1,"location":null,"numPassingAsserts":4,"retryMessages":[],"retryReasons":[],"status":"passed","title":"K1 is recomputed with changed impacted theory and unchanged others","startAt":1789475410140},{"ancestorTitles":["v0.6.1 deterministic replay"],"duration":1,"failing":false,"failureDetails":[],"failureMessages":[],"fullName":"v0.6.1 deterministic replay Matching source uses recomputed Binary Paid","invocations":1,"location":null,"numPassingAsserts":1,"retryMessages":[],"retryReasons":[],"status":"passed","title":"Matching source uses recomputed Binary Paid","startAt":1789475410141},{"ancestorTitles":["v0.6.1 deterministic replay"],"duration":0,"failing":false,"failureDetails":[],"failureMessages":[],"fullName":"v0.6.1 deterministic replay K2 is recomputed from adjusted matching theory","invocations":1,"location":null,"numPassingAsserts":2,"retryMessages":[],"retryReasons":[],"status":"passed","title":"K2 is recomputed from adjusted matching theory","startAt":1789475410142},{"ancestorTitles":["v0.6.1 deterministic replay"],"duration":1,"failing":false,"failureDetails":[],"failureMessages":[],"fullName":"v0.6.1 deterministic replay original settlement, award and carry rows remain unchanged","invocations":1,"location":null,"numPassingAsserts":1,"retryMessages":[],"retryReasons":[],"status":"passed","title":"original settlement, award and carry rows remain unchanged","startAt":1789475410142},{"ancestorTitles":["v0.6.1 deterministic replay"],"duration":2,"failing":false,"failureDetails":[],"failureMessages":[],"fullName":"v0.6.1 deterministic replay positive delta creates compensating award","invocations":1,"location":null,"numPassingAsserts":4,"retryMessages":[],"retryReasons":[],"status":"passed","title":"positive delta creates compensating award","startAt":1789475410143},{"ancestorTitles":["v0.6.1 deterministic replay"],"duration":2,"failing":false,"failureDetails":[],"failureMessages":[],"fullName":"v0.6.1 deterministic replay negative delta creates recovery","invocations":1,"location":null,"numPassingAsserts":4,"retryMessages":[],"retryReasons":[],"status":"passed","title":"negative delta creates recovery","startAt":1789475410145},{"ancestorTitles":["v0.6.1 deterministic replay"],"duration":14,"failing":false,"failureDetails":[],"failureMessages":[],"fullName":"v0.6.1 deterministic replay missing original evidence fails closed","invocations":1,"location":null,"numPassingAsserts":1,"retryMessages":[],"retryReasons":[],"status":"passed","title":"missing original evidence fails closed","startAt":1789475410147},{"ancestorTitles":["v0.6.1 subscription cancellation"],"duration":0,"failing":false,"failureDetails":[],"failureMessages":[],"fullName":"v0.6.1 subscription cancellation future scheduled rows become CANCELLED","invocations":1,"location":null,"numPassingAsserts":2,"retryMessages":[],"retryReasons":[],"status":"passed","title":"future scheduled rows become CANCELLED","startAt":1789475412024},{"ancestorTitles":["v0.6.1 subscription cancellation"],"duration":0,"failing":false,"failureDetails":[],"failureMessages":[],"fullName":"v0.6.1 subscription cancellation recognized affected rows enqueue one RPV_REVERSAL_REQUIRED","invocations":1,"location":null,"numPassingAsserts":2,"retryMessages":[],"retryReasons":[],"status":"passed","title":"recognized affected rows enqueue one RPV_REVERSAL_REQUIRED","startAt":1789475412024},{"ancestorTitles":["v0.6.1 subscription cancellation"],"duration":1,"failing":false,"failureDetails":[],"failureMessages":[],"fullName":"v0.6.1 subscription cancellation worker creates exactly one negative RPV reversal event","invocations":1,"location":null,"numPassingAsserts":2,"retryMessages":[],"retryReasons":[],"status":"passed","title":"worker creates exactly one negative RPV reversal event","startAt":1789475412024},{"ancestorTitles":["v0.6.1 subscription cancellation"],"duration":0,"failing":false,"failureDetails":[],"failureMessages":[],"fullName":"v0.6.1 subscription cancellation worker creates recovery for previously payable RPV upline awards","invocations":1,"location":null,"numPassingAsserts":2,"retryMessages":[],"retryReasons":[],"status":"passed","title":"worker creates recovery for previously payable RPV upline awards","startAt":1789475412025},{"ancestorTitles":["v0.6.1 subscription cancellation"],"duration":0,"failing":false,"failureDetails":[],"failureMessages":[],"fullName":"v0.6.1 subscription cancellation reprocessing event is idempotent","invocations":1,"location":null,"numPassingAsserts":4,"retryMessages":[],"retryReasons":[],"status":"passed","title":"reprocessing event is idempotent","startAt":1789475412025},{"ancestorTitles":["v0.6.1 qualification workflow"],"duration":null,"failing":false,"failureDetails":[],"failureMessages":[],"fullName":"v0.6.1 qualification workflow upgrade creates future plan history and does not alter past awards","invocations":1,"location":null,"numPassingAsserts":0,"retryMessages":[],"retryReasons":[],"status":"todo","title":"upgrade creates future plan history and does not alter past awards","startAt":1789475412025},{"ancestorTitles":["v0.6.1 qualification workflow"],"duration":null,"failing":false,"failureDetails":[],"failureMessages":[],"fullName":"v0.6.1 qualification workflow transfer preserves qualificationId and sponsor/binary positions","invocations":1,"location":null,"numPassingAsserts":0,"retryMessages":[],"retryReasons":[],"status":"todo","title":"transfer preserves qualificationId and sponsor/binary positions","startAt":1789475412025},{"ancestorTitles":["v0.6.1 qualification workflow"],"duration":null,"failing":false,"failureDetails":[],"failureMessages":[],"fullName":"v0.6.1 qualification workflow exit closes holder interval and status becomes EXITED","invocations":1,"location":null,"numPassingAsserts":0,"retryMessages":[],"retryReasons":[],"status":"todo","title":"exit closes holder interval and status becomes EXITED","startAt":1789475412025},{"ancestorTitles":["v0.6.1 qualification workflow"],"duration":null,"failing":false,"failureDetails":[],"failureMessages":[],"fullName":"v0.6.1 qualification workflow company retransfer opens a new holder interval","invocations":1,"location":null,"numPassingAsserts":0,"retryMessages":[],"retryReasons":[],"status":"todo","title":"company retransfer opens a new holder interval","startAt":1789475412025}],"endTime":1789475412026,"message":"","name":"C:\\UCell\\UCell\\backend\\apps\\api\\test\\v061-replay.e2e-spec.ts","startTime":1789475407926,"status":"passed","summary":""},{"assertionResults":[{"ancestorTitles":["A Decision return safeguards"],"duration":1,"failing":false,"failureDetails":[],"failureMessages":[],"fullName":"A Decision return safeguards missing historical plan never reads current qualification","invocations":1,"location":null,"numPassingAsserts":2,"retryMessages":[],"retryReasons":[],"status":"passed","title":"missing historical plan never reads current qualification","startAt":1789475412159},{"ancestorTitles":["A Decision return safeguards"],"duration":1,"failing":false,"failureDetails":[],"failureMessages":[],"fullName":"A Decision return safeguards successive partial return reaches cumulative full-return status","invocations":1,"location":null,"numPassingAsserts":1,"retryMessages":[],"retryReasons":[],"status":"passed","title":"successive partial return reaches cumulative full-return status","startAt":1789475412160},{"ancestorTitles":["A Decision return safeguards"],"duration":1,"failing":false,"failureDetails":[],"failureMessages":[],"fullName":"A Decision return safeguards money cap rejects over-return even when quantity remains reversible","invocations":1,"location":null,"numPassingAsserts":2,"retryMessages":[],"retryReasons":[],"status":"passed","title":"money cap rejects over-return even when quantity remains reversible","startAt":1789475412161},{"ancestorTitles":["A Decision return safeguards"],"duration":0,"failing":false,"failureDetails":[],"failureMessages":[],"fullName":"A Decision return safeguards missing EPV recognition snapshot fails closed before processed marker","invocations":1,"location":null,"numPassingAsserts":3,"retryMessages":[],"retryReasons":[],"status":"passed","title":"missing EPV recognition snapshot fails closed before processed marker","startAt":1789475412162}],"endTime":1789475412163,"message":"","name":"C:\\UCell\\UCell\\backend\\apps\\api\\test\\a-decision-return.e2e-spec.ts","startTime":1789475412031,"status":"passed","summary":""},{"assertionResults":[{"ancestorTitles":["v0.5 EPV"],"duration":1,"failing":false,"failureDetails":[],"failureMessages":[],"fullName":"v0.5 EPV REPURCHASE 4800 => excess 2800 x 60% = 1680 EPV","invocations":1,"location":null,"numPassingAsserts":1,"retryMessages":[],"retryReasons":[],"status":"passed","title":"REPURCHASE 4800 => excess 2800 x 60% = 1680 EPV","startAt":1789475412284},{"ancestorTitles":["v0.5 EPV"],"duration":null,"failing":false,"failureDetails":[],"failureMessages":[],"fullName":"v0.5 EPV EPV self share = 50% = 840 when Active","invocations":1,"location":null,"numPassingAsserts":0,"retryMessages":[],"retryReasons":[],"status":"todo","title":"EPV self share = 50% = 840 when Active","startAt":1789475412285},{"ancestorTitles":["v0.5 EPV"],"duration":null,"failing":false,"failureDetails":[],"failureMessages":[],"fullName":"v0.5 EPV EPV Sponsor G1-G5 each 6% when Active","invocations":1,"location":null,"numPassingAsserts":0,"retryMessages":[],"retryReasons":[],"status":"todo","title":"EPV Sponsor G1-G5 each 6% when Active","startAt":1789475412285},{"ancestorTitles":["v0.5 EPV"],"duration":null,"failing":false,"failureDetails":[],"failureMessages":[],"fullName":"v0.5 EPV EPV does not use Binary tree","invocations":1,"location":null,"numPassingAsserts":0,"retryMessages":[],"retryReasons":[],"status":"todo","title":"EPV does not use Binary tree","startAt":1789475412285},{"ancestorTitles":["v0.5 EPV"],"duration":null,"failing":false,"failureDetails":[],"failureMessages":[],"fullName":"v0.5 EPV non-REPURCHASE order does not create EPV","invocations":1,"location":null,"numPassingAsserts":0,"retryMessages":[],"retryReasons":[],"status":"todo","title":"non-REPURCHASE order does not create EPV","startAt":1789475412285},{"ancestorTitles":["v0.5 Global/Welfare"],"duration":null,"failing":false,"failureDetails":[],"failureMessages":[],"fullName":"v0.5 Global/Welfare global pool is 5% of period GPV","invocations":1,"location":null,"numPassingAsserts":0,"retryMessages":[],"retryReasons":[],"status":"todo","title":"global pool is 5% of period GPV","startAt":1789475412285},{"ancestorTitles":["v0.5 Global/Welfare"],"duration":null,"failing":false,"failureDetails":[],"failureMessages":[],"fullName":"v0.5 Global/Welfare weak thresholds are 300k/600k/1m/2m/4m","invocations":1,"location":null,"numPassingAsserts":0,"retryMessages":[],"retryReasons":[],"status":"todo","title":"weak thresholds are 300k/600k/1m/2m/4m","startAt":1789475412285},{"ancestorTitles":["v0.5 Global/Welfare"],"duration":null,"failing":false,"failureDetails":[],"failureMessages":[],"fullName":"v0.5 Global/Welfare rank achievement never downgrades","invocations":1,"location":null,"numPassingAsserts":0,"retryMessages":[],"retryReasons":[],"status":"todo","title":"rank achievement never downgrades","startAt":1789475412285},{"ancestorTitles":["v0.5 Global/Welfare"],"duration":null,"failing":false,"failureDetails":[],"failureMessages":[],"fullName":"v0.5 Global/Welfare monthly payout requires Active and current-month weak side threshold","invocations":1,"location":null,"numPassingAsserts":0,"retryMessages":[],"retryReasons":[],"status":"todo","title":"monthly payout requires Active and current-month weak side threshold","startAt":1789475412285},{"ancestorTitles":["v0.5 Global/Welfare"],"duration":null,"failing":false,"failureDetails":[],"failureMessages":[],"fullName":"v0.5 Global/Welfare passed levels are cumulative","invocations":1,"location":null,"numPassingAsserts":0,"retryMessages":[],"retryReasons":[],"status":"todo","title":"passed levels are cumulative","startAt":1789475412285},{"ancestorTitles":["v0.5 Global/Welfare"],"duration":null,"failing":false,"failureDetails":[],"failureMessages":[],"fullName":"v0.5 Global/Welfare empty rank slice rolls upward to next higher rank","invocations":1,"location":null,"numPassingAsserts":0,"retryMessages":[],"retryReasons":[],"status":"todo","title":"empty rank slice rolls upward to next higher rank","startAt":1789475412285},{"ancestorTitles":["v0.5 Global/Welfare"],"duration":null,"failing":false,"failureDetails":[],"failureMessages":[],"fullName":"v0.5 Global/Welfare welfare 2% is accrued only; no distribution without a formal rule","invocations":1,"location":null,"numPassingAsserts":0,"retryMessages":[],"retryReasons":[],"status":"todo","title":"welfare 2% is accrued only; no distribution without a formal rule","startAt":1789475412285}],"endTime":1789475412286,"message":"","name":"C:\\UCell\\UCell\\backend\\apps\\api\\test\\epv-global-v05.e2e-spec.ts","startTime":1789475412183,"status":"passed","summary":""},{"assertionResults":[{"ancestorTitles":["Connected DEV implementation regressions"],"duration":1,"failing":false,"failureDetails":[],"failureMessages":[],"fullName":"Connected DEV implementation regressions uses the actual RPV primary key and retains duplicate protection","invocations":1,"location":null,"numPassingAsserts":4,"retryMessages":[],"retryReasons":[],"status":"passed","title":"uses the actual RPV primary key and retains duplicate protection","startAt":1789475412399},{"ancestorTitles":["Connected DEV implementation regressions"],"duration":0,"failing":false,"failureDetails":[],"failureMessages":[],"fullName":"Connected DEV implementation regressions loads award payables through the polymorphic source key","invocations":1,"location":null,"numPassingAsserts":3,"retryMessages":[],"retryReasons":[],"status":"passed","title":"loads award payables through the polymorphic source key","startAt":1789475412401},{"ancestorTitles":["Connected DEV implementation regressions"],"duration":2,"failing":false,"failureDetails":[],"failureMessages":[],"fullName":"Connected DEV implementation regressions reads EPV recipient plans at the payment timestamp","invocations":1,"location":null,"numPassingAsserts":1,"retryMessages":[],"retryReasons":[],"status":"passed","title":"reads EPV recipient plans at the payment timestamp","startAt":1789475412402}],"endTime":1789475412405,"message":"","name":"C:\\UCell\\UCell\\backend\\apps\\api\\test\\connected-dev-defects.e2e-spec.ts","startTime":1789475412290,"status":"passed","summary":""},{"assertionResults":[{"ancestorTitles":["SA-20260915-02 monthly EPV regression"],"duration":1,"failing":false,"failureDetails":[],"failureMessages":[],"fullName":"SA-20260915-02 monthly EPV regression 0 monthly consumption => 0","invocations":1,"location":null,"numPassingAsserts":1,"retryMessages":[],"retryReasons":[],"status":"passed","title":"0 monthly consumption => 0","startAt":1789475412512},{"ancestorTitles":["SA-20260915-02 monthly EPV regression"],"duration":0,"failing":false,"failureDetails":[],"failureMessages":[],"fullName":"SA-20260915-02 monthly EPV regression 1999 monthly consumption => 0","invocations":1,"location":null,"numPassingAsserts":1,"retryMessages":[],"retryReasons":[],"status":"passed","title":"1999 monthly consumption => 0","startAt":1789475412513},{"ancestorTitles":["SA-20260915-02 monthly EPV regression"],"duration":0,"failing":false,"failureDetails":[],"failureMessages":[],"fullName":"SA-20260915-02 monthly EPV regression 2000 monthly consumption => 0","invocations":1,"location":null,"numPassingAsserts":1,"retryMessages":[],"retryReasons":[],"status":"passed","title":"2000 monthly consumption => 0","startAt":1789475412513},{"ancestorTitles":["SA-20260915-02 monthly EPV regression"],"duration":0,"failing":false,"failureDetails":[],"failureMessages":[],"fullName":"SA-20260915-02 monthly EPV regression 2001 monthly consumption => 0.6","invocations":1,"location":null,"numPassingAsserts":1,"retryMessages":[],"retryReasons":[],"status":"passed","title":"2001 monthly consumption => 0.6","startAt":1789475412513},{"ancestorTitles":["SA-20260915-02 monthly EPV regression"],"duration":0,"failing":false,"failureDetails":[],"failureMessages":[],"fullName":"SA-20260915-02 monthly EPV regression 4800 monthly consumption => 1680","invocations":1,"location":null,"numPassingAsserts":1,"retryMessages":[],"retryReasons":[],"status":"passed","title":"4800 monthly consumption => 1680","startAt":1789475412513},{"ancestorTitles":["SA-20260915-02 monthly EPV regression"],"duration":0,"failing":false,"failureDetails":[],"failureMessages":[],"fullName":"SA-20260915-02 monthly EPV regression split purchases share one monthly threshold","invocations":1,"location":null,"numPassingAsserts":2,"retryMessages":[],"retryReasons":[],"status":"passed","title":"split purchases share one monthly threshold","startAt":1789475412514},{"ancestorTitles":["SA-20260915-02 monthly EPV regression"],"duration":0,"failing":false,"failureDetails":[],"failureMessages":[],"fullName":"SA-20260915-02 monthly EPV regression return crossing threshold is not return amount multiplied by 60%","invocations":1,"location":null,"numPassingAsserts":3,"retryMessages":[],"retryReasons":[],"status":"passed","title":"return crossing threshold is not return amount multiplied by 60%","startAt":1789475412514},{"ancestorTitles":["SA-20260915-02 monthly EPV regression"],"duration":0,"failing":false,"failureDetails":[],"failureMessages":[],"fullName":"SA-20260915-02 monthly EPV regression successive partial returns recompute the remaining cumulative threshold","invocations":1,"location":null,"numPassingAsserts":2,"retryMessages":[],"retryReasons":[],"status":"passed","title":"successive partial returns recompute the remaining cumulative threshold","startAt":1789475412514},{"ancestorTitles":["SA-20260915-02 monthly EPV regression"],"duration":4,"failing":false,"failureDetails":[],"failureMessages":[],"fullName":"SA-20260915-02 monthly EPV regression invalid over-return is rejected","invocations":1,"location":null,"numPassingAsserts":1,"retryMessages":[],"retryReasons":[],"status":"passed","title":"invalid over-return is rejected","startAt":1789475412514},{"ancestorTitles":["SA-20260915-02 monthly EPV regression"],"duration":1,"failing":false,"failureDetails":[],"failureMessages":[],"fullName":"SA-20260915-02 monthly EPV regression independent qualifications do not combine their threshold","invocations":1,"location":null,"numPassingAsserts":1,"retryMessages":[],"retryReasons":[],"status":"passed","title":"independent qualifications do not combine their threshold","startAt":1789475412518},{"ancestorTitles":["SA-20260915-02 monthly EPV regression"],"duration":2,"failing":false,"failureDetails":[],"failureMessages":[],"fullName":"SA-20260915-02 monthly EPV regression recognition rejects missing earlier order instead of allocating its EPV to later recipients","invocations":1,"location":null,"numPassingAsserts":1,"retryMessages":[],"retryReasons":[],"status":"passed","title":"recognition rejects missing earlier order instead of allocating its EPV to later recipients","startAt":1789475412519},{"ancestorTitles":["SA-20260915-03 parameter snapshot and calendar"],"duration":1,"failing":false,"failureDetails":[],"failureMessages":[],"fullName":"SA-20260915-03 parameter snapshot and calendar historical values are independent of later runtime edits","invocations":1,"location":null,"numPassingAsserts":2,"retryMessages":[],"retryReasons":[],"status":"passed","title":"historical values are independent of later runtime edits","startAt":1789475412521},{"ancestorTitles":["SA-20260915-03 parameter snapshot and calendar"],"duration":0,"failing":false,"failureDetails":[],"failureMessages":[],"fullName":"SA-20260915-03 parameter snapshot and calendar snapshot tampering is rejected","invocations":1,"location":null,"numPassingAsserts":1,"retryMessages":[],"retryReasons":[],"status":"passed","title":"snapshot tampering is rejected","startAt":1789475412522},{"ancestorTitles":["SA-20260915-03 parameter snapshot and calendar"],"duration":1,"failing":false,"failureDetails":[],"failureMessages":[],"fullName":"SA-20260915-03 parameter snapshot and calendar missing historical snapshot does not use current parameters","invocations":1,"location":null,"numPassingAsserts":1,"retryMessages":[],"retryReasons":[],"status":"passed","title":"missing historical snapshot does not use current parameters","startAt":1789475412522},{"ancestorTitles":["SA-20260915-03 parameter snapshot and calendar"],"duration":0,"failing":false,"failureDetails":[],"failureMessages":[],"fullName":"SA-20260915-03 parameter snapshot and calendar overlapping effective parameter rows are rejected","invocations":1,"location":null,"numPassingAsserts":1,"retryMessages":[],"retryReasons":[],"status":"passed","title":"overlapping effective parameter rows are rejected","startAt":1789475412523},{"ancestorTitles":["SA-20260915-03 parameter snapshot and calendar"],"duration":1,"failing":false,"failureDetails":[],"failureMessages":[],"fullName":"SA-20260915-03 parameter snapshot and calendar no weekday/timezone fallback when operational calendar is pending","invocations":1,"location":null,"numPassingAsserts":1,"retryMessages":[],"retryReasons":[],"status":"passed","title":"no weekday/timezone fallback when operational calendar is pending","startAt":1789475412523},{"ancestorTitles":["SA-20260915-01 period-wide replay"],"duration":0,"failing":false,"failureDetails":[],"failureMessages":[],"fullName":"SA-20260915-01 period-wide replay inactive zero-award qualification retains re-derived nonzero carry without activation","invocations":1,"location":null,"numPassingAsserts":3,"retryMessages":[],"retryReasons":[],"status":"passed","title":"inactive zero-award qualification retains re-derived nonzero carry without activation","startAt":1789475412525},{"ancestorTitles":["SA-20260915-01 period-wide replay"],"duration":1,"failing":false,"failureDetails":[],"failureMessages":[],"fullName":"SA-20260915-01 period-wide replay missing K0 evidence blocks atomic run before posting partial K1/K2","invocations":1,"location":null,"numPassingAsserts":2,"retryMessages":[],"retryReasons":[],"status":"passed","title":"missing K0 evidence blocks atomic run before posting partial K1/K2","startAt":1789475412525},{"ancestorTitles":["SA-20260915-01 period-wide replay"],"duration":0,"failing":false,"failureDetails":[],"failureMessages":[],"fullName":"SA-20260915-01 period-wide replay return shrinks pool for all recipients and recomputes K1 then K2 from exact Binary sources","invocations":1,"location":null,"numPassingAsserts":3,"retryMessages":[],"retryReasons":[],"status":"passed","title":"return shrinks pool for all recipients and recomputes K1 then K2 from exact Binary sources","startAt":1789475412526},{"ancestorTitles":["SA-20260915-01 period-wide replay"],"duration":0,"failing":false,"failureDetails":[],"failureMessages":[],"fullName":"SA-20260915-01 period-wide replay missing historical snapshot fails before economic replay","invocations":1,"location":null,"numPassingAsserts":2,"retryMessages":[],"retryReasons":[],"status":"passed","title":"missing historical snapshot fails before economic replay","startAt":1789475412527}],"endTime":1789475412527,"message":"","name":"C:\\UCell\\UCell\\backend\\apps\\api\\test\\sa-decisions.e2e-spec.ts","startTime":1789475412408,"status":"passed","summary":""},{"assertionResults":[{"ancestorTitles":["R1.0B FROZEN v0.6 invariants"],"duration":null,"failing":false,"failureDetails":[],"failureMessages":[],"fullName":"R1.0B FROZEN v0.6 invariants return never mutates original Binary settlement","invocations":1,"location":null,"numPassingAsserts":0,"retryMessages":[],"retryReasons":[],"status":"todo","title":"return never mutates original Binary settlement","startAt":1789475412565},{"ancestorTitles":["R1.0B FROZEN v0.6 invariants"],"duration":null,"failing":false,"failureDetails":[],"failureMessages":[],"fullName":"R1.0B FROZEN v0.6 invariants return never mutates original Matching settlement","invocations":1,"location":null,"numPassingAsserts":0,"retryMessages":[],"retryReasons":[],"status":"todo","title":"return never mutates original Matching settlement","startAt":1789475412565},{"ancestorTitles":["R1.0B FROZEN v0.6 invariants"],"duration":null,"failing":false,"failureDetails":[],"failureMessages":[],"fullName":"R1.0B FROZEN v0.6 invariants replay uses original carry-in and reversal PV events","invocations":1,"location":null,"numPassingAsserts":0,"retryMessages":[],"retryReasons":[],"status":"todo","title":"replay uses original carry-in and reversal PV events","startAt":1789475412565},{"ancestorTitles":["R1.0B FROZEN v0.6 invariants"],"duration":null,"failing":false,"failureDetails":[],"failureMessages":[],"fullName":"R1.0B FROZEN v0.6 invariants positive delta creates compensating award","invocations":1,"location":null,"numPassingAsserts":0,"retryMessages":[],"retryReasons":[],"status":"todo","title":"positive delta creates compensating award","startAt":1789475412565},{"ancestorTitles":["R1.0B FROZEN v0.6 invariants"],"duration":null,"failing":false,"failureDetails":[],"failureMessages":[],"fullName":"R1.0B FROZEN v0.6 invariants negative delta creates recovery","invocations":1,"location":null,"numPassingAsserts":0,"retryMessages":[],"retryReasons":[],"status":"todo","title":"negative delta creates recovery","startAt":1789475412566},{"ancestorTitles":["R1.0B FROZEN v0.6 invariants"],"duration":null,"failing":false,"failureDetails":[],"failureMessages":[],"fullName":"R1.0B FROZEN v0.6 invariants future subscription recognition is cancelled, not deleted","invocations":1,"location":null,"numPassingAsserts":0,"retryMessages":[],"retryReasons":[],"status":"todo","title":"future subscription recognition is cancelled, not deleted","startAt":1789475412566},{"ancestorTitles":["R1.0B FROZEN v0.6 invariants"],"duration":null,"failing":false,"failureDetails":[],"failureMessages":[],"fullName":"R1.0B FROZEN v0.6 invariants recognized RPV gets explicit reversal event","invocations":1,"location":null,"numPassingAsserts":0,"retryMessages":[],"retryReasons":[],"status":"todo","title":"recognized RPV gets explicit reversal event","startAt":1789475412566},{"ancestorTitles":["R1.0B FROZEN v0.6 invariants"],"duration":null,"failing":false,"failureDetails":[],"failureMessages":[],"fullName":"R1.0B FROZEN v0.6 invariants upgrade has no retroactive bonus effect","invocations":1,"location":null,"numPassingAsserts":0,"retryMessages":[],"retryReasons":[],"status":"todo","title":"upgrade has no retroactive bonus effect","startAt":1789475412566},{"ancestorTitles":["R1.0B FROZEN v0.6 invariants"],"duration":null,"failing":false,"failureDetails":[],"failureMessages":[],"fullName":"R1.0B FROZEN v0.6 invariants transfer preserves qualificationId and tree positions","invocations":1,"location":null,"numPassingAsserts":0,"retryMessages":[],"retryReasons":[],"status":"todo","title":"transfer preserves qualificationId and tree positions","startAt":1789475412566},{"ancestorTitles":["R1.0B FROZEN v0.6 invariants"],"duration":null,"failing":false,"failureDetails":[],"failureMessages":[],"fullName":"R1.0B FROZEN v0.6 invariants exit preserves qualification for company-held re-transfer","invocations":1,"location":null,"numPassingAsserts":0,"retryMessages":[],"retryReasons":[],"status":"todo","title":"exit preserves qualification for company-held re-transfer","startAt":1789475412566}],"endTime":1789475412566,"message":"","name":"C:\\UCell\\UCell\\backend\\apps\\api\\test\\v060-adjustment-lifecycle.e2e-spec.ts","startTime":1789475412548,"status":"passed","summary":""},{"assertionResults":[{"ancestorTitles":["Organization guardrails (P0)"],"duration":null,"failing":false,"failureDetails":[],"failureMessages":[],"fullName":"Organization guardrails (P0) sponsor tree and binary tree remain independent","invocations":1,"location":null,"numPassingAsserts":0,"retryMessages":[],"retryReasons":[],"status":"todo","title":"sponsor tree and binary tree remain independent","startAt":1789475412585},{"ancestorTitles":["Organization guardrails (P0)"],"duration":null,"failing":false,"failureDetails":[],"failureMessages":[],"fullName":"Organization guardrails (P0) binary occupied slot is rejected","invocations":1,"location":null,"numPassingAsserts":0,"retryMessages":[],"retryReasons":[],"status":"todo","title":"binary occupied slot is rejected","startAt":1789475412585},{"ancestorTitles":["Organization guardrails (P0)"],"duration":null,"failing":false,"failureDetails":[],"failureMessages":[],"fullName":"Organization guardrails (P0) binary cycle is rejected","invocations":1,"location":null,"numPassingAsserts":0,"retryMessages":[],"retryReasons":[],"status":"todo","title":"binary cycle is rejected","startAt":1789475412585},{"ancestorTitles":["Organization guardrails (P0)"],"duration":null,"failing":false,"failureDetails":[],"failureMessages":[],"fullName":"Organization guardrails (P0) 1st and 3rd direct recruit must be within sponsor LEFT subtree","invocations":1,"location":null,"numPassingAsserts":0,"retryMessages":[],"retryReasons":[],"status":"todo","title":"1st and 3rd direct recruit must be within sponsor LEFT subtree","startAt":1789475412585},{"ancestorTitles":["Organization guardrails (P0)"],"duration":null,"failing":false,"failureDetails":[],"failureMessages":[],"fullName":"Organization guardrails (P0) sponsor sequence is permanent and never renumbered after exit","invocations":1,"location":null,"numPassingAsserts":0,"retryMessages":[],"retryReasons":[],"status":"todo","title":"sponsor sequence is permanent and never renumbered after exit","startAt":1789475412585}],"endTime":1789475412585,"message":"","name":"C:\\UCell\\UCell\\backend\\apps\\api\\test\\organization.e2e-spec.ts","startTime":1789475412569,"status":"passed","summary":""},{"assertionResults":[{"ancestorTitles":["Bonus Engine v0.4.0","Referral / Equalization"],"duration":null,"failing":false,"failureDetails":[],"failureMessages":[],"fullName":"Bonus Engine v0.4.0 Referral / Equalization G1 STARTER Active receives GPV x 15% theory","invocations":1,"location":null,"numPassingAsserts":0,"retryMessages":[],"retryReasons":[],"status":"todo","title":"G1 STARTER Active receives GPV x 15% theory","startAt":1789475412605},{"ancestorTitles":["Bonus Engine v0.4.0","Referral / Equalization"],"duration":null,"failing":false,"failureDetails":[],"failureMessages":[],"fullName":"Bonus Engine v0.4.0 Referral / Equalization G1 ELITE Active receives GPV x 20% theory","invocations":1,"location":null,"numPassingAsserts":0,"retryMessages":[],"retryReasons":[],"status":"todo","title":"G1 ELITE Active receives GPV x 20% theory","startAt":1789475412606},{"ancestorTitles":["Bonus Engine v0.4.0","Referral / Equalization"],"duration":null,"failing":false,"failureDetails":[],"failureMessages":[],"fullName":"Bonus Engine v0.4.0 Referral / Equalization G1 LEADER Active receives GPV x 25% theory","invocations":1,"location":null,"numPassingAsserts":0,"retryMessages":[],"retryReasons":[],"status":"todo","title":"G1 LEADER Active receives GPV x 25% theory","startAt":1789475412606},{"ancestorTitles":["Bonus Engine v0.4.0","Referral / Equalization"],"duration":null,"failing":false,"failureDetails":[],"failureMessages":[],"fullName":"Bonus Engine v0.4.0 Referral / Equalization inactive G1 generates no referral bonus and equalization base is zero","invocations":1,"location":null,"numPassingAsserts":0,"retryMessages":[],"retryReasons":[],"status":"todo","title":"inactive G1 generates no referral bonus and equalization base is zero","startAt":1789475412606},{"ancestorTitles":["Bonus Engine v0.4.0","Referral / Equalization"],"duration":null,"failing":false,"failureDetails":[],"failureMessages":[],"fullName":"Bonus Engine v0.4.0 Referral / Equalization equalization base is same-source G1 referral theory, not GPV","invocations":1,"location":null,"numPassingAsserts":0,"retryMessages":[],"retryReasons":[],"status":"todo","title":"equalization base is same-source G1 referral theory, not GPV","startAt":1789475412606},{"ancestorTitles":["Bonus Engine v0.4.0","Referral / Equalization"],"duration":null,"failing":false,"failureDetails":[],"failureMessages":[],"fullName":"Bonus Engine v0.4.0 Referral / Equalization STARTER rates G2/G3/G4 are 10/10/10","invocations":1,"location":null,"numPassingAsserts":0,"retryMessages":[],"retryReasons":[],"status":"todo","title":"STARTER rates G2/G3/G4 are 10/10/10","startAt":1789475412606},{"ancestorTitles":["Bonus Engine v0.4.0","Referral / Equalization"],"duration":null,"failing":false,"failureDetails":[],"failureMessages":[],"fullName":"Bonus Engine v0.4.0 Referral / Equalization ELITE rates G2..G6 are 20/10/10/5/5","invocations":1,"location":null,"numPassingAsserts":0,"retryMessages":[],"retryReasons":[],"status":"todo","title":"ELITE rates G2..G6 are 20/10/10/5/5","startAt":1789475412606},{"ancestorTitles":["Bonus Engine v0.4.0","Referral / Equalization"],"duration":null,"failing":false,"failureDetails":[],"failureMessages":[],"fullName":"Bonus Engine v0.4.0 Referral / Equalization LEADER rates G2..G7 are 20/15/10/10/10/5 including G5=10","invocations":1,"location":null,"numPassingAsserts":0,"retryMessages":[],"retryReasons":[],"status":"todo","title":"LEADER rates G2..G7 are 20/15/10/10/10/5 including G5=10","startAt":1789475412606},{"ancestorTitles":["Bonus Engine v0.4.0","Referral / Equalization"],"duration":null,"failing":false,"failureDetails":[],"failureMessages":[],"fullName":"Bonus Engine v0.4.0 Referral / Equalization intermediate ineligible generation does not block higher generation","invocations":1,"location":null,"numPassingAsserts":0,"retryMessages":[],"retryReasons":[],"status":"todo","title":"intermediate ineligible generation does not block higher generation","startAt":1789475412606},{"ancestorTitles":["Bonus Engine v0.4.0","Referral / Equalization"],"duration":null,"failing":false,"failureDetails":[],"failureMessages":[],"fullName":"Bonus Engine v0.4.0 Referral / Equalization recipient plan and effective-direct count control unlock depth","invocations":1,"location":null,"numPassingAsserts":0,"retryMessages":[],"retryReasons":[],"status":"todo","title":"recipient plan and effective-direct count control unlock depth","startAt":1789475412606},{"ancestorTitles":["Bonus Engine v0.4.0","Referral / Equalization"],"duration":null,"failing":false,"failureDetails":[],"failureMessages":[],"fullName":"Bonus Engine v0.4.0 Referral / Equalization Referral + Equalization share 42% pool and K0","invocations":1,"location":null,"numPassingAsserts":0,"retryMessages":[],"retryReasons":[],"status":"todo","title":"Referral + Equalization share 42% pool and K0","startAt":1789475412606},{"ancestorTitles":["Bonus Engine v0.4.0","Binary"],"duration":null,"failing":false,"failureDetails":[],"failureMessages":[],"fullName":"Bonus Engine v0.4.0 Binary uses Binary subtree GPV, not Sponsor tree","invocations":1,"location":null,"numPassingAsserts":0,"retryMessages":[],"retryReasons":[],"status":"todo","title":"uses Binary subtree GPV, not Sponsor tree","startAt":1789475412606},{"ancestorTitles":["Bonus Engine v0.4.0","Binary"],"duration":null,"failing":false,"failureDetails":[],"failureMessages":[],"fullName":"Bonus Engine v0.4.0 Binary pair = min(left available,right available) subject to weekly cap","invocations":1,"location":null,"numPassingAsserts":0,"retryMessages":[],"retryReasons":[],"status":"todo","title":"pair = min(left available,right available) subject to weekly cap","startAt":1789475412606},{"ancestorTitles":["Bonus Engine v0.4.0","Binary"],"duration":null,"failing":false,"failureDetails":[],"failureMessages":[],"fullName":"Bonus Engine v0.4.0 Binary paired PV deducted from both sides and strong-side carry remains","invocations":1,"location":null,"numPassingAsserts":0,"retryMessages":[],"retryReasons":[],"status":"todo","title":"paired PV deducted from both sides and strong-side carry remains","startAt":1789475412606},{"ancestorTitles":["Bonus Engine v0.4.0","Binary"],"duration":null,"failing":false,"failureDetails":[],"failureMessages":[],"fullName":"Bonus Engine v0.4.0 Binary STARTER/ELITE/LEADER weekly caps 450k/900k/1.5m","invocations":1,"location":null,"numPassingAsserts":0,"retryMessages":[],"retryReasons":[],"status":"todo","title":"STARTER/ELITE/LEADER weekly caps 450k/900k/1.5m","startAt":1789475412606},{"ancestorTitles":["Bonus Engine v0.4.0","Binary"],"duration":null,"failing":false,"failureDetails":[],"failureMessages":[],"fullName":"Bonus Engine v0.4.0 Binary Binary theory = paired PV x 12%","invocations":1,"location":null,"numPassingAsserts":0,"retryMessages":[],"retryReasons":[],"status":"todo","title":"Binary theory = paired PV x 12%","startAt":1789475412606},{"ancestorTitles":["Bonus Engine v0.4.0","Binary"],"duration":null,"failing":false,"failureDetails":[],"failureMessages":[],"fullName":"Bonus Engine v0.4.0 Binary Binary Pool is 36% and K1 <= 1","invocations":1,"location":null,"numPassingAsserts":0,"retryMessages":[],"retryReasons":[],"status":"todo","title":"Binary Pool is 36% and K1 <= 1","startAt":1789475412606},{"ancestorTitles":["Bonus Engine v0.4.0","Binary"],"duration":null,"failing":false,"failureDetails":[],"failureMessages":[],"fullName":"Bonus Engine v0.4.0 Binary inactive recipient produces no Binary award","invocations":1,"location":null,"numPassingAsserts":0,"retryMessages":[],"retryReasons":[],"status":"todo","title":"inactive recipient produces no Binary award","startAt":1789475412606},{"ancestorTitles":["Bonus Engine v0.4.0","Matching"],"duration":null,"failing":false,"failureDetails":[],"failureMessages":[],"fullName":"Bonus Engine v0.4.0 Matching source is actual Binary payable after K1, never Binary theory","invocations":1,"location":null,"numPassingAsserts":0,"retryMessages":[],"retryReasons":[],"status":"todo","title":"source is actual Binary payable after K1, never Binary theory","startAt":1789475412606},{"ancestorTitles":["Bonus Engine v0.4.0","Matching"],"duration":null,"failing":false,"failureDetails":[],"failureMessages":[],"fullName":"Bonus Engine v0.4.0 Matching Sponsor Tree is used to trace matching uplines","invocations":1,"location":null,"numPassingAsserts":0,"retryMessages":[],"retryReasons":[],"status":"todo","title":"Sponsor Tree is used to trace matching uplines","startAt":1789475412606},{"ancestorTitles":["Bonus Engine v0.4.0","Matching"],"duration":null,"failing":false,"failureDetails":[],"failureMessages":[],"fullName":"Bonus Engine v0.4.0 Matching rates are G1=15,G2=10,G3-G5=5","invocations":1,"location":null,"numPassingAsserts":0,"retryMessages":[],"retryReasons":[],"status":"todo","title":"rates are G1=15,G2=10,G3-G5=5","startAt":1789475412606},{"ancestorTitles":["Bonus Engine v0.4.0","Matching"],"duration":null,"failing":false,"failureDetails":[],"failureMessages":[],"fullName":"Bonus Engine v0.4.0 Matching direct 1 unlocks G1-G2, 2 unlocks G1-G3, 3 unlocks G1-G4, 4+ unlocks G1-G5","invocations":1,"location":null,"numPassingAsserts":0,"retryMessages":[],"retryReasons":[],"status":"todo","title":"direct 1 unlocks G1-G2, 2 unlocks G1-G3, 3 unlocks G1-G4, 4+ unlocks G1-G5","startAt":1789475412606},{"ancestorTitles":["Bonus Engine v0.4.0","Matching"],"duration":null,"failing":false,"failureDetails":[],"failureMessages":[],"fullName":"Bonus Engine v0.4.0 Matching Matching Pool is 15% and K2 <= 1","invocations":1,"location":null,"numPassingAsserts":0,"retryMessages":[],"retryReasons":[],"status":"todo","title":"Matching Pool is 15% and K2 <= 1","startAt":1789475412606},{"ancestorTitles":["Bonus Engine v0.4.0","Lifecycle"],"duration":null,"failing":false,"failureDetails":[],"failureMessages":[],"fullName":"Bonus Engine v0.4.0 Lifecycle award creates CALCULATED then PENDING_45D events","invocations":1,"location":null,"numPassingAsserts":0,"retryMessages":[],"retryReasons":[],"status":"todo","title":"award creates CALCULATED then PENDING_45D events","startAt":1789475412606},{"ancestorTitles":["Bonus Engine v0.4.0","Lifecycle"],"duration":null,"failing":false,"failureDetails":[],"failureMessages":[],"fullName":"Bonus Engine v0.4.0 Lifecycle after pending_until latest status becomes EFFECTIVE","invocations":1,"location":null,"numPassingAsserts":0,"retryMessages":[],"retryReasons":[],"status":"todo","title":"after pending_until latest status becomes EFFECTIVE","startAt":1789475412606},{"ancestorTitles":["Bonus Engine v0.4.0","Lifecycle"],"duration":null,"failing":false,"failureDetails":[],"failureMessages":[],"fullName":"Bonus Engine v0.4.0 Lifecycle award row itself remains append-only","invocations":1,"location":null,"numPassingAsserts":0,"retryMessages":[],"retryReasons":[],"status":"todo","title":"award row itself remains append-only","startAt":1789475412606}],"endTime":1789475412607,"message":"","name":"C:\\UCell\\UCell\\backend\\apps\\api\\test\\bonus-engine-v04.e2e-spec.ts","startTime":1789475412589,"status":"passed","summary":""},{"assertionResults":[{"ancestorTitles":["Vertical Slice 02 - Membership / Active / Subscription / RPV"],"duration":null,"failing":false,"failureDetails":[],"failureMessages":[],"fullName":"Vertical Slice 02 - Membership / Active / Subscription / RPV creates DRAFT membership application","invocations":1,"location":null,"numPassingAsserts":0,"retryMessages":[],"retryReasons":[],"status":"todo","title":"creates DRAFT membership application","startAt":1789475412626},{"ancestorTitles":["Vertical Slice 02 - Membership / Active / Subscription / RPV"],"duration":null,"failing":false,"failureDetails":[],"failureMessages":[],"fullName":"Vertical Slice 02 - Membership / Active / Subscription / RPV SUBMIT requires sponsor and binary placement data","invocations":1,"location":null,"numPassingAsserts":0,"retryMessages":[],"retryReasons":[],"status":"todo","title":"SUBMIT requires sponsor and binary placement data","startAt":1789475412626},{"ancestorTitles":["Vertical Slice 02 - Membership / Active / Subscription / RPV"],"duration":null,"failing":false,"failureDetails":[],"failureMessages":[],"fullName":"Vertical Slice 02 - Membership / Active / Subscription / RPV APPROVE creates Qualification + Holder + Sponsor + Binary atomically","invocations":1,"location":null,"numPassingAsserts":0,"retryMessages":[],"retryReasons":[],"status":"todo","title":"APPROVE creates Qualification + Holder + Sponsor + Binary atomically","startAt":1789475412626},{"ancestorTitles":["Vertical Slice 02 - Membership / Active / Subscription / RPV"],"duration":null,"failing":false,"failureDetails":[],"failureMessages":[],"fullName":"Vertical Slice 02 - Membership / Active / Subscription / RPV 1st and 3rd direct-left rule is enforced during approval","invocations":1,"location":null,"numPassingAsserts":0,"retryMessages":[],"retryReasons":[],"status":"todo","title":"1st and 3rd direct-left rule is enforced during approval","startAt":1789475412626},{"ancestorTitles":["Vertical Slice 02 - Membership / Active / Subscription / RPV"],"duration":null,"failing":false,"failureDetails":[],"failureMessages":[],"fullName":"Vertical Slice 02 - Membership / Active / Subscription / RPV Active periods cannot overlap","invocations":1,"location":null,"numPassingAsserts":0,"retryMessages":[],"retryReasons":[],"status":"todo","title":"Active periods cannot overlap","startAt":1789475412626},{"ancestorTitles":["Vertical Slice 02 - Membership / Active / Subscription / RPV"],"duration":null,"failing":false,"failureDetails":[],"failureMessages":[],"fullName":"Vertical Slice 02 - Membership / Active / Subscription / RPV historical Active query uses event time, not current flag","invocations":1,"location":null,"numPassingAsserts":0,"retryMessages":[],"retryReasons":[],"status":"todo","title":"historical Active query uses event time, not current flag","startAt":1789475412626},{"ancestorTitles":["Vertical Slice 02 - Membership / Active / Subscription / RPV"],"duration":null,"failing":false,"failureDetails":[],"failureMessages":[],"fullName":"Vertical Slice 02 - Membership / Active / Subscription / RPV QUARTER creates exactly 3 recognition rows","invocations":1,"location":null,"numPassingAsserts":0,"retryMessages":[],"retryReasons":[],"status":"todo","title":"QUARTER creates exactly 3 recognition rows","startAt":1789475412626},{"ancestorTitles":["Vertical Slice 02 - Membership / Active / Subscription / RPV"],"duration":null,"failing":false,"failureDetails":[],"failureMessages":[],"fullName":"Vertical Slice 02 - Membership / Active / Subscription / RPV HALF_YEAR creates exactly 6 recognition rows","invocations":1,"location":null,"numPassingAsserts":0,"retryMessages":[],"retryReasons":[],"status":"todo","title":"HALF_YEAR creates exactly 6 recognition rows","startAt":1789475412626},{"ancestorTitles":["Vertical Slice 02 - Membership / Active / Subscription / RPV"],"duration":null,"failing":false,"failureDetails":[],"failureMessages":[],"fullName":"Vertical Slice 02 - Membership / Active / Subscription / RPV YEAR creates exactly 12 recognition rows","invocations":1,"location":null,"numPassingAsserts":0,"retryMessages":[],"retryReasons":[],"status":"todo","title":"YEAR creates exactly 12 recognition rows","startAt":1789475412626},{"ancestorTitles":["Vertical Slice 02 - Membership / Active / Subscription / RPV"],"duration":null,"failing":false,"failureDetails":[],"failureMessages":[],"fullName":"Vertical Slice 02 - Membership / Active / Subscription / RPV each due recognition creates exactly 1,200 RPV once","invocations":1,"location":null,"numPassingAsserts":0,"retryMessages":[],"retryReasons":[],"status":"todo","title":"each due recognition creates exactly 1,200 RPV once","startAt":1789475412626},{"ancestorTitles":["Vertical Slice 02 - Membership / Active / Subscription / RPV"],"duration":null,"failing":false,"failureDetails":[],"failureMessages":[],"fullName":"Vertical Slice 02 - Membership / Active / Subscription / RPV 0 direct unlocks 5 binary generations","invocations":1,"location":null,"numPassingAsserts":0,"retryMessages":[],"retryReasons":[],"status":"todo","title":"0 direct unlocks 5 binary generations","startAt":1789475412626},{"ancestorTitles":["Vertical Slice 02 - Membership / Active / Subscription / RPV"],"duration":null,"failing":false,"failureDetails":[],"failureMessages":[],"fullName":"Vertical Slice 02 - Membership / Active / Subscription / RPV 1 direct unlocks 8 binary generations","invocations":1,"location":null,"numPassingAsserts":0,"retryMessages":[],"retryReasons":[],"status":"todo","title":"1 direct unlocks 8 binary generations","startAt":1789475412626},{"ancestorTitles":["Vertical Slice 02 - Membership / Active / Subscription / RPV"],"duration":null,"failing":false,"failureDetails":[],"failureMessages":[],"fullName":"Vertical Slice 02 - Membership / Active / Subscription / RPV 2+ directs unlocks 12 binary generations","invocations":1,"location":null,"numPassingAsserts":0,"retryMessages":[],"retryReasons":[],"status":"todo","title":"2+ directs unlocks 12 binary generations","startAt":1789475412626},{"ancestorTitles":["Vertical Slice 02 - Membership / Active / Subscription / RPV"],"duration":null,"failing":false,"failureDetails":[],"failureMessages":[],"fullName":"Vertical Slice 02 - Membership / Active / Subscription / RPV inactive upline receives 0 and is not compressed","invocations":1,"location":null,"numPassingAsserts":0,"retryMessages":[],"retryReasons":[],"status":"todo","title":"inactive upline receives 0 and is not compressed","startAt":1789475412626},{"ancestorTitles":["Vertical Slice 02 - Membership / Active / Subscription / RPV"],"duration":null,"failing":false,"failureDetails":[],"failureMessages":[],"fullName":"Vertical Slice 02 - Membership / Active / Subscription / RPV higher generation remains independently evaluated","invocations":1,"location":null,"numPassingAsserts":0,"retryMessages":[],"retryReasons":[],"status":"todo","title":"higher generation remains independently evaluated","startAt":1789475412626},{"ancestorTitles":["Vertical Slice 02 - Membership / Active / Subscription / RPV"],"duration":null,"failing":false,"failureDetails":[],"failureMessages":[],"fullName":"Vertical Slice 02 - Membership / Active / Subscription / RPV re-running a recognition cannot duplicate RPV or awards","invocations":1,"location":null,"numPassingAsserts":0,"retryMessages":[],"retryReasons":[],"status":"todo","title":"re-running a recognition cannot duplicate RPV or awards","startAt":1789475412626}],"endTime":1789475412627,"message":"","name":"C:\\UCell\\UCell\\backend\\apps\\api\\test\\vertical-slice-02.e2e-spec.ts","startTime":1789475412610,"status":"passed","summary":""},{"assertionResults":[{"ancestorTitles":["v0.6.2 economic attribution and carry-chain replay"],"duration":null,"failing":false,"failureDetails":[],"failureMessages":[],"fullName":"v0.6.2 economic attribution and carry-chain replay historical week includes later GPV_REVERSAL linked to original event","invocations":1,"location":null,"numPassingAsserts":0,"retryMessages":[],"retryReasons":[],"status":"todo","title":"historical week includes later GPV_REVERSAL linked to original event","startAt":1789475412645},{"ancestorTitles":["v0.6.2 economic attribution and carry-chain replay"],"duration":null,"failing":false,"failureDetails":[],"failureMessages":[],"fullName":"v0.6.2 economic attribution and carry-chain replay return discovers every Binary ancestor impacted by descendant GPV","invocations":1,"location":null,"numPassingAsserts":0,"retryMessages":[],"retryReasons":[],"status":"todo","title":"return discovers every Binary ancestor impacted by descendant GPV","startAt":1789475412645},{"ancestorTitles":["v0.6.2 economic attribution and carry-chain replay"],"duration":null,"failing":false,"failureDetails":[],"failureMessages":[],"fullName":"v0.6.2 economic attribution and carry-chain replay period replay recomputes all Binary payable amounts when K1 changes","invocations":1,"location":null,"numPassingAsserts":0,"retryMessages":[],"retryReasons":[],"status":"todo","title":"period replay recomputes all Binary payable amounts when K1 changes","startAt":1789475412645},{"ancestorTitles":["v0.6.2 economic attribution and carry-chain replay"],"duration":null,"failing":false,"failureDetails":[],"failureMessages":[],"fullName":"v0.6.2 economic attribution and carry-chain replay period replay recomputes all Matching payable amounts when K2 changes","invocations":1,"location":null,"numPassingAsserts":0,"retryMessages":[],"retryReasons":[],"status":"todo","title":"period replay recomputes all Matching payable amounts when K2 changes","startAt":1789475412645},{"ancestorTitles":["v0.6.2 economic attribution and carry-chain replay"],"duration":null,"failing":false,"failureDetails":[],"failureMessages":[],"fullName":"v0.6.2 economic attribution and carry-chain replay next week carry-in uses prior recomputed carry-out","invocations":1,"location":null,"numPassingAsserts":0,"retryMessages":[],"retryReasons":[],"status":"todo","title":"next week carry-in uses prior recomputed carry-out","startAt":1789475412645},{"ancestorTitles":["v0.6.2 economic attribution and carry-chain replay"],"duration":null,"failing":false,"failureDetails":[],"failureMessages":[],"fullName":"v0.6.2 economic attribution and carry-chain replay propagation stops when left/right carry match original snapshots","invocations":1,"location":null,"numPassingAsserts":0,"retryMessages":[],"retryReasons":[],"status":"todo","title":"propagation stops when left/right carry match original snapshots","startAt":1789475412645},{"ancestorTitles":["v0.6.2 economic attribution and carry-chain replay"],"duration":null,"failing":false,"failureDetails":[],"failureMessages":[],"fullName":"v0.6.2 economic attribution and carry-chain replay propagation respects maxWeeks safety horizon","invocations":1,"location":null,"numPassingAsserts":0,"retryMessages":[],"retryReasons":[],"status":"todo","title":"propagation respects maxWeeks safety horizon","startAt":1789475412645},{"ancestorTitles":["v0.6.2 economic attribution and carry-chain replay"],"duration":null,"failing":false,"failureDetails":[],"failureMessages":[],"fullName":"v0.6.2 economic attribution and carry-chain replay each replay period is append-only and replay run is resumable","invocations":1,"location":null,"numPassingAsserts":0,"retryMessages":[],"retryReasons":[],"status":"todo","title":"each replay period is append-only and replay run is resumable","startAt":1789475412645},{"ancestorTitles":["v0.6.2 economic attribution and carry-chain replay"],"duration":null,"failing":false,"failureDetails":[],"failureMessages":[],"fullName":"v0.6.2 economic attribution and carry-chain replay positive deltas post compensating awards and negative deltas post recovery","invocations":1,"location":null,"numPassingAsserts":0,"retryMessages":[],"retryReasons":[],"status":"todo","title":"positive deltas post compensating awards and negative deltas post recovery","startAt":1789475412646},{"ancestorTitles":["v0.6.2 economic attribution and carry-chain replay"],"duration":null,"failing":false,"failureDetails":[],"failureMessages":[],"fullName":"v0.6.2 economic attribution and carry-chain replay original BinaryCarry, SettlementBatch and BonusAward remain untouched","invocations":1,"location":null,"numPassingAsserts":0,"retryMessages":[],"retryReasons":[],"status":"todo","title":"original BinaryCarry, SettlementBatch and BonusAward remain untouched","startAt":1789475412646},{"ancestorTitles":["v0.6.2 schema convergence"],"duration":null,"failing":false,"failureDetails":[],"failureMessages":[],"fullName":"v0.6.2 schema convergence migration 0005 references subscription.subscription, not commerce.subscription","invocations":1,"location":null,"numPassingAsserts":0,"retryMessages":[],"retryReasons":[],"status":"todo","title":"migration 0005 references subscription.subscription, not commerce.subscription","startAt":1789475412646},{"ancestorTitles":["v0.6.2 schema convergence"],"duration":null,"failing":false,"failureDetails":[],"failureMessages":[],"fullName":"v0.6.2 schema convergence Prisma schema contains adjustment/workflow/replay models","invocations":1,"location":null,"numPassingAsserts":0,"retryMessages":[],"retryReasons":[],"status":"todo","title":"Prisma schema contains adjustment/workflow/replay models","startAt":1789475412646},{"ancestorTitles":["v0.6.2 schema convergence"],"duration":null,"failing":false,"failureDetails":[],"failureMessages":[],"fullName":"v0.6.2 schema convergence RPV reversal anchor uses BonusAwardType.RPV, not EPV","invocations":1,"location":null,"numPassingAsserts":0,"retryMessages":[],"retryReasons":[],"status":"todo","title":"RPV reversal anchor uses BonusAwardType.RPV, not EPV","startAt":1789475412646}],"endTime":1789475412646,"message":"","name":"C:\\UCell\\UCell\\backend\\apps\\api\\test\\v062-carry-chain.e2e-spec.ts","startTime":1789475412630,"status":"passed","summary":""},{"assertionResults":[{"ancestorTitles":["Qualification isolation (P0)"],"duration":null,"failing":false,"failureDetails":[],"failureMessages":[],"fullName":"Qualification isolation (P0) Person A cannot read Person B qualification","invocations":1,"location":null,"numPassingAsserts":0,"retryMessages":[],"retryReasons":[],"status":"todo","title":"Person A cannot read Person B qualification","startAt":1789475412664},{"ancestorTitles":["Qualification isolation (P0)"],"duration":null,"failing":false,"failureDetails":[],"failureMessages":[],"fullName":"Qualification isolation (P0) same person Ball A active does not make Ball B active","invocations":1,"location":null,"numPassingAsserts":0,"retryMessages":[],"retryReasons":[],"status":"todo","title":"same person Ball A active does not make Ball B active","startAt":1789475412664},{"ancestorTitles":["Qualification isolation (P0)"],"duration":null,"failing":false,"failureDetails":[],"failureMessages":[],"fullName":"Qualification isolation (P0) missing qualification context returns AMBIGUOUS_QUALIFICATION","invocations":1,"location":null,"numPassingAsserts":0,"retryMessages":[],"retryReasons":[],"status":"todo","title":"missing qualification context returns AMBIGUOUS_QUALIFICATION","startAt":1789475412664},{"ancestorTitles":["Qualification isolation (P0)"],"duration":null,"failing":false,"failureDetails":[],"failureMessages":[],"fullName":"Qualification isolation (P0) member share link is bound to selected qualification","invocations":1,"location":null,"numPassingAsserts":0,"retryMessages":[],"retryReasons":[],"status":"todo","title":"member share link is bound to selected qualification","startAt":1789475412665}],"endTime":1789475412665,"message":"","name":"C:\\UCell\\UCell\\backend\\apps\\api\\test\\qualification-isolation.e2e-spec.ts","startTime":1789475412649,"status":"passed","summary":""},{"assertionResults":[{"ancestorTitles":["R1.0B v0.6.4 Golden Dataset"],"duration":null,"failing":false,"failureDetails":[],"failureMessages":[],"fullName":"R1.0B v0.6.4 Golden Dataset keeps Person and Qualification distinct","invocations":1,"location":null,"numPassingAsserts":0,"retryMessages":[],"retryReasons":[],"status":"todo","title":"keeps Person and Qualification distinct","startAt":1789475412683},{"ancestorTitles":["R1.0B v0.6.4 Golden Dataset"],"duration":null,"failing":false,"failureDetails":[],"failureMessages":[],"fullName":"R1.0B v0.6.4 Golden Dataset keeps Sponsor and Binary trees distinct","invocations":1,"location":null,"numPassingAsserts":0,"retryMessages":[],"retryReasons":[],"status":"todo","title":"keeps Sponsor and Binary trees distinct","startAt":1789475412683},{"ancestorTitles":["R1.0B v0.6.4 Golden Dataset"],"duration":null,"failing":false,"failureDetails":[],"failureMessages":[],"fullName":"R1.0B v0.6.4 Golden Dataset validates Referral 15/20/25","invocations":1,"location":null,"numPassingAsserts":0,"retryMessages":[],"retryReasons":[],"status":"todo","title":"validates Referral 15/20/25","startAt":1789475412683},{"ancestorTitles":["R1.0B v0.6.4 Golden Dataset"],"duration":null,"failing":false,"failureDetails":[],"failureMessages":[],"fullName":"R1.0B v0.6.4 Golden Dataset validates Equalization including Leader G5=10%","invocations":1,"location":null,"numPassingAsserts":0,"retryMessages":[],"retryReasons":[],"status":"todo","title":"validates Equalization including Leader G5=10%","startAt":1789475412683},{"ancestorTitles":["R1.0B v0.6.4 Golden Dataset"],"duration":null,"failing":false,"failureDetails":[],"failureMessages":[],"fullName":"R1.0B v0.6.4 Golden Dataset validates Active First and no compression","invocations":1,"location":null,"numPassingAsserts":0,"retryMessages":[],"retryReasons":[],"status":"todo","title":"validates Active First and no compression","startAt":1789475412683},{"ancestorTitles":["R1.0B v0.6.4 Golden Dataset"],"duration":null,"failing":false,"failureDetails":[],"failureMessages":[],"fullName":"R1.0B v0.6.4 Golden Dataset validates Binary Carry and K1","invocations":1,"location":null,"numPassingAsserts":0,"retryMessages":[],"retryReasons":[],"status":"todo","title":"validates Binary Carry and K1","startAt":1789475412683},{"ancestorTitles":["R1.0B v0.6.4 Golden Dataset"],"duration":null,"failing":false,"failureDetails":[],"failureMessages":[],"fullName":"R1.0B v0.6.4 Golden Dataset validates Matching source=Binary Paid after K1","invocations":1,"location":null,"numPassingAsserts":0,"retryMessages":[],"retryReasons":[],"status":"todo","title":"validates Matching source=Binary Paid after K1","startAt":1789475412683},{"ancestorTitles":["R1.0B v0.6.4 Golden Dataset"],"duration":null,"failing":false,"failureDetails":[],"failureMessages":[],"fullName":"R1.0B v0.6.4 Golden Dataset validates RPV 5/8/12 on Binary Tree","invocations":1,"location":null,"numPassingAsserts":0,"retryMessages":[],"retryReasons":[],"status":"todo","title":"validates RPV 5/8/12 on Binary Tree","startAt":1789475412683},{"ancestorTitles":["R1.0B v0.6.4 Golden Dataset"],"duration":null,"failing":false,"failureDetails":[],"failureMessages":[],"fullName":"R1.0B v0.6.4 Golden Dataset validates EPV on Sponsor Tree","invocations":1,"location":null,"numPassingAsserts":0,"retryMessages":[],"retryReasons":[],"status":"todo","title":"validates EPV on Sponsor Tree","startAt":1789475412684},{"ancestorTitles":["R1.0B v0.6.4 Golden Dataset"],"duration":null,"failing":false,"failureDetails":[],"failureMessages":[],"fullName":"R1.0B v0.6.4 Golden Dataset validates refund -> replay -> recovery -> payout","invocations":1,"location":null,"numPassingAsserts":0,"retryMessages":[],"retryReasons":[],"status":"todo","title":"validates refund -> replay -> recovery -> payout","startAt":1789475412684},{"ancestorTitles":["R1.0B v0.6.4 Golden Dataset"],"duration":null,"failing":false,"failureDetails":[],"failureMessages":[],"fullName":"R1.0B v0.6.4 Golden Dataset validates partial recovery across multiple payout batches","invocations":1,"location":null,"numPassingAsserts":0,"retryMessages":[],"retryReasons":[],"status":"todo","title":"validates partial recovery across multiple payout batches","startAt":1789475412684}],"endTime":1789475412684,"message":"","name":"C:\\UCell\\UCell\\backend\\apps\\api\\test\\v064-golden-dataset.e2e-spec.ts","startTime":1789475412668,"status":"passed","summary":""},{"assertionResults":[{"ancestorTitles":["R1.0B v0.6.3"],"duration":null,"failing":false,"failureDetails":[],"failureMessages":[],"fullName":"R1.0B v0.6.3 Taiwan local time maps to configured settlement week","invocations":1,"location":null,"numPassingAsserts":0,"retryMessages":[],"retryReasons":[],"status":"todo","title":"Taiwan local time maps to configured settlement week","startAt":1789475412703},{"ancestorTitles":["R1.0B v0.6.3"],"duration":null,"failing":false,"failureDetails":[],"failureMessages":[],"fullName":"R1.0B v0.6.3 effective BonusAward materializes once","invocations":1,"location":null,"numPassingAsserts":0,"retryMessages":[],"retryReasons":[],"status":"todo","title":"effective BonusAward materializes once","startAt":1789475412703},{"ancestorTitles":["R1.0B v0.6.3"],"duration":null,"failing":false,"failureDetails":[],"failureMessages":[],"fullName":"R1.0B v0.6.3 RPV award materializes once","invocations":1,"location":null,"numPassingAsserts":0,"retryMessages":[],"retryReasons":[],"status":"todo","title":"RPV award materializes once","startAt":1789475412703},{"ancestorTitles":["R1.0B v0.6.3"],"duration":null,"failing":false,"failureDetails":[],"failureMessages":[],"fullName":"R1.0B v0.6.3 payout groups by Qualification rather than Person","invocations":1,"location":null,"numPassingAsserts":0,"retryMessages":[],"retryReasons":[],"status":"todo","title":"payout groups by Qualification rather than Person","startAt":1789475412703},{"ancestorTitles":["R1.0B v0.6.3"],"duration":null,"failing":false,"failureDetails":[],"failureMessages":[],"fullName":"R1.0B v0.6.3 Recovery offsets Gross without changing source Award","invocations":1,"location":null,"numPassingAsserts":0,"retryMessages":[],"retryReasons":[],"status":"todo","title":"Recovery offsets Gross without changing source Award","startAt":1789475412703},{"ancestorTitles":["R1.0B v0.6.3"],"duration":null,"failing":false,"failureDetails":[],"failureMessages":[],"fullName":"R1.0B v0.6.3 Net payout never becomes negative","invocations":1,"location":null,"numPassingAsserts":0,"retryMessages":[],"retryReasons":[],"status":"todo","title":"Net payout never becomes negative","startAt":1789475412703},{"ancestorTitles":["R1.0B v0.6.3"],"duration":null,"failing":false,"failureDetails":[],"failureMessages":[],"fullName":"R1.0B v0.6.3 temporal holder check denies former holder after transfer","invocations":1,"location":null,"numPassingAsserts":0,"retryMessages":[],"retryReasons":[],"status":"todo","title":"temporal holder check denies former holder after transfer","startAt":1789475412703},{"ancestorTitles":["R1.0B v0.6.3"],"duration":null,"failing":false,"failureDetails":[],"failureMessages":[],"fullName":"R1.0B v0.6.3 RBAC denies unauthorized admin operation","invocations":1,"location":null,"numPassingAsserts":0,"retryMessages":[],"retryReasons":[],"status":"todo","title":"RBAC denies unauthorized admin operation","startAt":1789475412703}],"endTime":1789475412704,"message":"","name":"C:\\UCell\\UCell\\backend\\apps\\api\\test\\v063-golden-path.e2e-spec.ts","startTime":1789475412687,"status":"passed","summary":""},{"assertionResults":[{"ancestorTitles":["v0.5 Return / Reversal / Clawback"],"duration":null,"failing":false,"failureDetails":[],"failureMessages":[],"fullName":"v0.5 Return / Reversal / Clawback partial return creates proportional negative GPV event","invocations":1,"location":null,"numPassingAsserts":0,"retryMessages":[],"retryReasons":[],"status":"todo","title":"partial return creates proportional negative GPV event","startAt":1789475412723},{"ancestorTitles":["v0.5 Return / Reversal / Clawback"],"duration":null,"failing":false,"failureDetails":[],"failureMessages":[],"fullName":"v0.5 Return / Reversal / Clawback GPV reversal references original GPV event","invocations":1,"location":null,"numPassingAsserts":0,"retryMessages":[],"retryReasons":[],"status":"todo","title":"GPV reversal references original GPV event","startAt":1789475412723},{"ancestorTitles":["v0.5 Return / Reversal / Clawback"],"duration":null,"failing":false,"failureDetails":[],"failureMessages":[],"fullName":"v0.5 Return / Reversal / Clawback returned quantity cannot exceed ordered quantity across multiple returns","invocations":1,"location":null,"numPassingAsserts":0,"retryMessages":[],"retryReasons":[],"status":"todo","title":"returned quantity cannot exceed ordered quantity across multiple returns","startAt":1789475412723},{"ancestorTitles":["v0.5 Return / Reversal / Clawback"],"duration":null,"failing":false,"failureDetails":[],"failureMessages":[],"fullName":"v0.5 Return / Reversal / Clawback PENDING_45D direct referral/equalization becomes REVERSED","invocations":1,"location":null,"numPassingAsserts":0,"retryMessages":[],"retryReasons":[],"status":"todo","title":"PENDING_45D direct referral/equalization becomes REVERSED","startAt":1789475412723},{"ancestorTitles":["v0.5 Return / Reversal / Clawback"],"duration":null,"failing":false,"failureDetails":[],"failureMessages":[],"fullName":"v0.5 Return / Reversal / Clawback EFFECTIVE/PAYABLE/PAID direct award creates CLAWBACK and recovery ledger","invocations":1,"location":null,"numPassingAsserts":0,"retryMessages":[],"retryReasons":[],"status":"todo","title":"EFFECTIVE/PAYABLE/PAID direct award creates CLAWBACK and recovery ledger","startAt":1789475412723},{"ancestorTitles":["v0.5 Return / Reversal / Clawback"],"duration":null,"failing":false,"failureDetails":[],"failureMessages":[],"fullName":"v0.5 Return / Reversal / Clawback original bonus award is never updated/deleted","invocations":1,"location":null,"numPassingAsserts":0,"retryMessages":[],"retryReasons":[],"status":"todo","title":"original bonus award is never updated/deleted","startAt":1789475412723},{"ancestorTitles":["v0.5 Return / Reversal / Clawback"],"duration":null,"failing":false,"failureDetails":[],"failureMessages":[],"fullName":"v0.5 Return / Reversal / Clawback Binary and Matching create settlement recalculation requests instead of rewriting history","invocations":1,"location":null,"numPassingAsserts":0,"retryMessages":[],"retryReasons":[],"status":"todo","title":"Binary and Matching create settlement recalculation requests instead of rewriting history","startAt":1789475412723},{"ancestorTitles":["v0.5 Return / Reversal / Clawback"],"duration":null,"failing":false,"failureDetails":[],"failureMessages":[],"fullName":"v0.5 Return / Reversal / Clawback reprocessing RETURN_CONFIRMED is idempotent","invocations":1,"location":null,"numPassingAsserts":0,"retryMessages":[],"retryReasons":[],"status":"todo","title":"reprocessing RETURN_CONFIRMED is idempotent","startAt":1789475412723},{"ancestorTitles":["v0.5 payout lifecycle"],"duration":null,"failing":false,"failureDetails":[],"failureMessages":[],"fullName":"v0.5 payout lifecycle EFFECTIVE awards become PAYABLE via payout batch","invocations":1,"location":null,"numPassingAsserts":0,"retryMessages":[],"retryReasons":[],"status":"todo","title":"EFFECTIVE awards become PAYABLE via payout batch","startAt":1789475412724},{"ancestorTitles":["v0.5 payout lifecycle"],"duration":null,"failing":false,"failureDetails":[],"failureMessages":[],"fullName":"v0.5 payout lifecycle open clawback recovery offsets next payout","invocations":1,"location":null,"numPassingAsserts":0,"retryMessages":[],"retryReasons":[],"status":"todo","title":"open clawback recovery offsets next payout","startAt":1789475412724},{"ancestorTitles":["v0.5 payout lifecycle"],"duration":null,"failing":false,"failureDetails":[],"failureMessages":[],"fullName":"v0.5 payout lifecycle net payout cannot go below zero","invocations":1,"location":null,"numPassingAsserts":0,"retryMessages":[],"retryReasons":[],"status":"todo","title":"net payout cannot go below zero","startAt":1789475412724},{"ancestorTitles":["v0.5 payout lifecycle"],"duration":null,"failing":false,"failureDetails":[],"failureMessages":[],"fullName":"v0.5 payout lifecycle mark-paid writes PAID lifecycle events","invocations":1,"location":null,"numPassingAsserts":0,"retryMessages":[],"retryReasons":[],"status":"todo","title":"mark-paid writes PAID lifecycle events","startAt":1789475412724}],"endTime":1789475412724,"message":"","name":"C:\\UCell\\UCell\\backend\\apps\\api\\test\\negative-flow-v05.e2e-spec.ts","startTime":1789475412707,"status":"passed","summary":""},{"assertionResults":[{"ancestorTitles":["UCell first vertical slice"],"duration":null,"failing":false,"failureDetails":[],"failureMessages":[],"fullName":"UCell first vertical slice creates Person with idempotent command","invocations":1,"location":null,"numPassingAsserts":0,"retryMessages":[],"retryReasons":[],"status":"todo","title":"creates Person with idempotent command","startAt":1789475412743},{"ancestorTitles":["UCell first vertical slice"],"duration":null,"failing":false,"failureDetails":[],"failureMessages":[],"fullName":"UCell first vertical slice creates Qualification with permanent sponsor sequence","invocations":1,"location":null,"numPassingAsserts":0,"retryMessages":[],"retryReasons":[],"status":"todo","title":"creates Qualification with permanent sponsor sequence","startAt":1789475412743},{"ancestorTitles":["UCell first vertical slice"],"duration":null,"failing":false,"failureDetails":[],"failureMessages":[],"fullName":"UCell first vertical slice rejects 1st direct placed on RIGHT","invocations":1,"location":null,"numPassingAsserts":0,"retryMessages":[],"retryReasons":[],"status":"todo","title":"rejects 1st direct placed on RIGHT","startAt":1789475412743},{"ancestorTitles":["UCell first vertical slice"],"duration":null,"failing":false,"failureDetails":[],"failureMessages":[],"fullName":"UCell first vertical slice creates order using server-side Product Rule Profile snapshot","invocations":1,"location":null,"numPassingAsserts":0,"retryMessages":[],"retryReasons":[],"status":"todo","title":"creates order using server-side Product Rule Profile snapshot","startAt":1789475412743},{"ancestorTitles":["UCell first vertical slice"],"duration":null,"failing":false,"failureDetails":[],"failureMessages":[],"fullName":"UCell first vertical slice confirms payment exactly once","invocations":1,"location":null,"numPassingAsserts":0,"retryMessages":[],"retryReasons":[],"status":"todo","title":"confirms payment exactly once","startAt":1789475412743},{"ancestorTitles":["UCell first vertical slice"],"duration":null,"failing":false,"failureDetails":[],"failureMessages":[],"fullName":"UCell first vertical slice writes SALE_CONFIRMED to transactional outbox","invocations":1,"location":null,"numPassingAsserts":0,"retryMessages":[],"retryReasons":[],"status":"todo","title":"writes SALE_CONFIRMED to transactional outbox","startAt":1789475412743},{"ancestorTitles":["UCell first vertical slice"],"duration":null,"failing":false,"failureDetails":[],"failureMessages":[],"fullName":"UCell first vertical slice worker converts SALE_CONFIRMED to GPV_CREATED per order line","invocations":1,"location":null,"numPassingAsserts":0,"retryMessages":[],"retryReasons":[],"status":"todo","title":"worker converts SALE_CONFIRMED to GPV_CREATED per order line","startAt":1789475412743},{"ancestorTitles":["UCell first vertical slice"],"duration":null,"failing":false,"failureDetails":[],"failureMessages":[],"fullName":"UCell first vertical slice reprocessing same outbox event does not duplicate GPV","invocations":1,"location":null,"numPassingAsserts":0,"retryMessages":[],"retryReasons":[],"status":"todo","title":"reprocessing same outbox event does not duplicate GPV","startAt":1789475412743},{"ancestorTitles":["UCell first vertical slice"],"duration":null,"failing":false,"failureDetails":[],"failureMessages":[],"fullName":"UCell first vertical slice PV ledger cannot be UPDATEd or DELETEd","invocations":1,"location":null,"numPassingAsserts":0,"retryMessages":[],"retryReasons":[],"status":"todo","title":"PV ledger cannot be UPDATEd or DELETEd","startAt":1789475412743}],"endTime":1789475412744,"message":"","name":"C:\\UCell\\UCell\\backend\\apps\\api\\test\\vertical-slice.e2e-spec.ts","startTime":1789475412727,"status":"passed","summary":""},{"assertionResults":[{"ancestorTitles":["Idempotency (P0)"],"duration":null,"failing":false,"failureDetails":[],"failureMessages":[],"fullName":"Idempotency (P0) same key + same payload returns original result","invocations":1,"location":null,"numPassingAsserts":0,"retryMessages":[],"retryReasons":[],"status":"todo","title":"same key + same payload returns original result","startAt":1789475412763},{"ancestorTitles":["Idempotency (P0)"],"duration":null,"failing":false,"failureDetails":[],"failureMessages":[],"fullName":"Idempotency (P0) same key + different payload returns IDEMPOTENCY_CONFLICT","invocations":1,"location":null,"numPassingAsserts":0,"retryMessages":[],"retryReasons":[],"status":"todo","title":"same key + different payload returns IDEMPOTENCY_CONFLICT","startAt":1789475412764},{"ancestorTitles":["Idempotency (P0)"],"duration":null,"failing":false,"failureDetails":[],"failureMessages":[],"fullName":"Idempotency (P0) monthly recognition cannot create RPV twice","invocations":1,"location":null,"numPassingAsserts":0,"retryMessages":[],"retryReasons":[],"status":"todo","title":"monthly recognition cannot create RPV twice","startAt":1789475412764},{"ancestorTitles":["Idempotency (P0)"],"duration":null,"failing":false,"failureDetails":[],"failureMessages":[],"fullName":"Idempotency (P0) same external event cannot be processed twice","invocations":1,"location":null,"numPassingAsserts":0,"retryMessages":[],"retryReasons":[],"status":"todo","title":"same external event cannot be processed twice","startAt":1789475412764}],"endTime":1789475412764,"message":"","name":"C:\\UCell\\UCell\\backend\\apps\\api\\test\\idempotency.e2e-spec.ts","startTime":1789475412746,"status":"passed","summary":""}],"wasInterrupted":false}
